Drill report for RemoteDTMF.kicad_pcb
Created on 2025-09-26T16:14:25+0200

Copper Layer Stackup:
    =============================================================
    L1 :  F.Cu                      front
    L2 :  B.Cu                      back


Drill file 'RemoteDTMF-PTH.drl' contains
    plated through holes:
    =============================================================
    T1  0,400mm  0,0157"  (14 holes)
    T2  0,700mm  0,0276"  (14 holes)
    T3  0,760mm  0,0299"  (8 holes)
    T4  0,800mm  0,0315"  (36 holes)
    T5  1,000mm  0,0394"  (57 holes)
    T6  1,300mm  0,0512"  (2 holes)
    T7  3,200mm  0,1260"  (4 holes)

    Total plated holes count 135


Drill file 'RemoteDTMF-NPTH.drl' contains
    unplated through holes:
    =============================================================
    T1  1,651mm  0,0650"  (4 holes)
    T2  3,200mm  0,1260"  (2 holes)

    Total unplated holes count 6
